<?xml version="1.0" encoding="UTF-8"?>
<!-- Generated by org.testng.reporters.JUnitXMLReporter -->
<testsuite hostname="LAPTOP-HDOJPKS3" ignored="0" name="Firefox Test" tests="2" failures="0" timestamp="2021-12-12T19:34:56 SGT" time="0.149" errors="0">
  <testcase name="@BeforeMethod setUp" time="-1.63930889596E9" classname="SauceLabs.SauceLabsBase">
    <failure type="org.testng.TestNGException" message="
Parameter &amp;apos;{browser}&amp;apos; is required by BeforeMethod on method setUp but has not been marked @Optional or defined
in C:\Users\trmro\git\TonyTestNG\SeleniumJavaFramework\testng_SauceLabs.xml">
      <![CDATA[org.testng.TestNGException: 
Parameter '{browser}' is required by BeforeMethod on method setUp but has not been marked @Optional or defined
in C:\Users\trmro\git\TonyTestNG\SeleniumJavaFramework\testng_SauceLabs.xml
at java.util.ArrayList.forEach(ArrayList.java:1259)
at java.util.concurrent.FutureTask.run(FutureTask.java:266)
at java.util.concurrent.ThreadPoolExecutor.runWorker(ThreadPoolExecutor.java:1149)
at java.util.concurrent.ThreadPoolExecutor$Worker.run(ThreadPoolExecutor.java:624)
at java.lang.Thread.run(Thread.java:748)
... Removed 19 stack frames]]>
    </failure>
  </testcase> <!-- @BeforeMethod setUp -->
  <testcase name="@BeforeMethod setUp" time="-1.639308895961E9" classname="SauceLabs.SauceLabsBase">
    <failure type="org.testng.TestNGException" message="
Parameter &amp;apos;{browser}&amp;apos; is required by BeforeMethod on method setUp but has not been marked @Optional or defined
in C:\Users\trmro\git\TonyTestNG\SeleniumJavaFramework\testng_SauceLabs.xml">
      <![CDATA[org.testng.TestNGException: 
Parameter '{browser}' is required by BeforeMethod on method setUp but has not been marked @Optional or defined
in C:\Users\trmro\git\TonyTestNG\SeleniumJavaFramework\testng_SauceLabs.xml
at java.util.ArrayList.forEach(ArrayList.java:1259)
at java.util.concurrent.FutureTask.run(FutureTask.java:266)
at java.util.concurrent.ThreadPoolExecutor.runWorker(ThreadPoolExecutor.java:1149)
at java.util.concurrent.ThreadPoolExecutor$Worker.run(ThreadPoolExecutor.java:624)
at java.lang.Thread.run(Thread.java:748)
... Removed 19 stack frames]]>
    </failure>
  </testcase> <!-- @BeforeMethod setUp -->
  <testcase name="@AfterMethod tearDown" time="0.004" classname="SauceLabs.SauceLabsBase">
    <failure type="java.lang.NullPointerException">
      <![CDATA[java.lang.NullPointerException
at SauceLabs.SauceLabsBase.tearDown(SauceLabsBase.java:64)
at java.util.ArrayList.forEach(ArrayList.java:1259)
at java.util.concurrent.FutureTask.run(FutureTask.java:266)
at java.util.concurrent.ThreadPoolExecutor.runWorker(ThreadPoolExecutor.java:1149)
at java.util.concurrent.ThreadPoolExecutor$Worker.run(ThreadPoolExecutor.java:624)
at java.lang.Thread.run(Thread.java:748)
... Removed 23 stack frames]]>
    </failure>
  </testcase> <!-- @AfterMethod tearDown -->
  <testcase name="@AfterMethod tearDown" time="0.002" classname="SauceLabs.SauceLabsBase">
    <failure type="java.lang.NullPointerException">
      <![CDATA[java.lang.NullPointerException
at SauceLabs.SauceLabsBase.tearDown(SauceLabsBase.java:64)
at java.util.ArrayList.forEach(ArrayList.java:1259)
at java.util.concurrent.FutureTask.run(FutureTask.java:266)
at java.util.concurrent.ThreadPoolExecutor.runWorker(ThreadPoolExecutor.java:1149)
at java.util.concurrent.ThreadPoolExecutor$Worker.run(ThreadPoolExecutor.java:624)
at java.lang.Thread.run(Thread.java:748)
... Removed 23 stack frames]]>
    </failure>
  </testcase> <!-- @AfterMethod tearDown -->
  <testcase name="@BeforeMethod setUp" time="-1.639308895996E9" classname="SauceLabs.SauceLabsBase">
    <skipped/>
  </testcase> <!-- @BeforeMethod setUp -->
  <testcase name="@BeforeMethod setUp" time="-1.639308895997E9" classname="SauceLabs.SauceLabsBase">
    <skipped/>
  </testcase> <!-- @BeforeMethod setUp -->
  <testcase name="@AfterMethod tearDown" time="0.0" classname="SauceLabs.SauceLabsBase">
    <failure type="java.lang.NullPointerException">
      <![CDATA[java.lang.NullPointerException
at SauceLabs.SauceLabsBase.tearDown(SauceLabsBase.java:64)
at java.util.ArrayList.forEach(ArrayList.java:1259)
at java.util.concurrent.FutureTask.run(FutureTask.java:266)
at java.util.concurrent.ThreadPoolExecutor.runWorker(ThreadPoolExecutor.java:1149)
at java.util.concurrent.ThreadPoolExecutor$Worker.run(ThreadPoolExecutor.java:624)
at java.lang.Thread.run(Thread.java:748)
... Removed 23 stack frames]]>
    </failure>
  </testcase> <!-- @AfterMethod tearDown -->
  <testcase name="@AfterMethod tearDown" time="0.0" classname="SauceLabs.SauceLabsBase">
    <failure type="java.lang.NullPointerException">
      <![CDATA[java.lang.NullPointerException
at SauceLabs.SauceLabsBase.tearDown(SauceLabsBase.java:64)
at java.util.ArrayList.forEach(ArrayList.java:1259)
at java.util.concurrent.FutureTask.run(FutureTask.java:266)
at java.util.concurrent.ThreadPoolExecutor.runWorker(ThreadPoolExecutor.java:1149)
at java.util.concurrent.ThreadPoolExecutor$Worker.run(ThreadPoolExecutor.java:624)
at java.lang.Thread.run(Thread.java:748)
... Removed 23 stack frames]]>
    </failure>
  </testcase> <!-- @AfterMethod tearDown -->
  <testcase name="checkInventoryItemTest" time="0.0" classname="SauceLabs.SauceLabsTest1">
    <skipped/>
  </testcase> <!-- checkInventoryItemTest -->
  <testcase name="checkAddToCartButtonTest" time="0.0" classname="SauceLabs.SauceLabsTest1">
    <skipped/>
  </testcase> <!-- checkAddToCartButtonTest -->
</testsuite> <!-- Firefox Test -->
